\BOOKMARK [0][]{Contents.0}{\376\377\000\315\000n\000d\000i\000c\000e}{}% 1
\BOOKMARK [0][]{chapter*.3}{\376\377\000L\000i\000s\000t\000a\000\040\000d\000e\000\040\000F\000i\000g\000u\000r\000a\000s}{}% 2
\BOOKMARK [0][]{chapter*.4}{\376\377\000L\000i\000s\000t\000a\000\040\000d\000e\000\040\000T\000a\000b\000l\000a\000s}{}% 3
\BOOKMARK [0][]{chapter*.5}{\376\377\000I\000n\000t\000r\000o\000d\000u\000c\000c\000i\000\363\000n}{}% 4
\BOOKMARK [0][]{chapter.1}{\376\377\0001\000\040\000P\000l\000a\000n\000t\000e\000a\000m\000i\000e\000n\000t\000o\000\040\000d\000e\000\040\000l\000a\000\040\000P\000r\000o\000b\000l\000e\000m\000\341\000t\000i\000c\000a}{}% 5
\BOOKMARK [1][]{section.1.1}{\376\377\0001\000.\0001\000\040\000M\000o\000t\000i\000v\000a\000c\000i\000\363\000n\000\040\000G\000e\000n\000e\000r\000a\000l}{chapter.1}% 6
\BOOKMARK [1][]{section.1.2}{\376\377\0001\000.\0002\000\040\000O\000b\000j\000e\000t\000i\000v\000o\000\040\000g\000e\000n\000e\000r\000a\000l}{chapter.1}% 7
\BOOKMARK [1][]{section.1.3}{\376\377\0001\000.\0003\000\040\000O\000b\000j\000e\000t\000i\000v\000o\000s\000\040\000e\000s\000p\000e\000c\000\355\000f\000i\000c\000o\000s}{chapter.1}% 8
\BOOKMARK [0][]{chapter.2}{\376\377\0002\000\040\000E\000s\000t\000a\000d\000o\000\040\000d\000e\000l\000\040\000A\000r\000t\000e}{}% 9
\BOOKMARK [1][]{section.2.1}{\376\377\0002\000.\0001\000\040\000T\000\351\000r\000m\000i\000n\000o\000s\000\040\000r\000e\000l\000a\000c\000i\000o\000n\000a\000d\000o\000s\000\040\000c\000o\000n\000\040\000e\000l\000\040\000e\000s\000t\000i\000l\000o\000\040\000d\000e\000\040\000c\000o\000n\000d\000u\000c\000c\000i\000\363\000n}{chapter.2}% 10
\BOOKMARK [1][]{section.2.2}{\376\377\0002\000.\0002\000\040\000E\000s\000t\000a\000d\000o\000\040\000d\000e\000l\000\040\000a\000r\000t\000e\000\040\000s\000e\000g\000\372\000n\000\040\000a\000l\000g\000o\000r\000i\000t\000m\000o\000s\000\040\000u\000s\000a\000d\000o\000s}{chapter.2}% 11
\BOOKMARK [2][]{subsection.2.2.1}{\376\377\0002\000.\0002\000.\0001\000\040\000A\000l\000g\000o\000r\000i\000t\000m\000o\000s\000\040\000b\000a\000s\000a\000d\000o\000s\000\040\000e\000n\000\040\000r\000e\000g\000l\000a\000s}{section.2.2}% 12
\BOOKMARK [2][]{subsection.2.2.2}{\376\377\0002\000.\0002\000.\0002\000\040\000A\000l\000g\000o\000r\000i\000t\000m\000o\000s\000\040\000b\000a\000s\000a\000d\000o\000s\000\040\000e\000n\000\040\000d\000a\000t\000o\000s}{section.2.2}% 13
\BOOKMARK [1][]{section.2.3}{\376\377\0002\000.\0003\000\040\000E\000s\000t\000a\000d\000o\000\040\000d\000e\000l\000\040\000a\000r\000t\000e\000\040\000s\000e\000g\000\372\000n\000\040\000s\000e\000n\000s\000o\000r\000e\000s\000\040\000u\000s\000a\000d\000o\000s}{chapter.2}% 14
\BOOKMARK [2][]{subsection.2.3.1}{\376\377\0002\000.\0003\000.\0001\000\040\000A\000c\000e\000l\000e\000r\000\363\000m\000e\000t\000r\000o\000s\000\040\000d\000e\000\040\000b\000a\000j\000o\000\040\000c\000o\000s\000t\000o}{section.2.3}% 15
\BOOKMARK [2][]{subsection.2.3.2}{\376\377\0002\000.\0003\000.\0002\000\040\000S\000m\000a\000r\000t\000p\000h\000o\000n\000e}{section.2.3}% 16
\BOOKMARK [2][]{subsection.2.3.3}{\376\377\0002\000.\0003\000.\0003\000\040\000I\000n\000e\000r\000t\000i\000a\000l\000\040\000M\000e\000a\000s\000u\000r\000e\000m\000e\000n\000t\000\040\000U\000n\000i\000t}{section.2.3}% 17
\BOOKMARK [2][]{subsection.2.3.4}{\376\377\0002\000.\0003\000.\0004\000\040\000G\000P\000S}{section.2.3}% 18
\BOOKMARK [1][]{section.2.4}{\376\377\0002\000.\0004\000\040\000F\000e\000e\000d\000b\000a\000c\000k}{chapter.2}% 19
\BOOKMARK [0][]{chapter.3}{\376\377\0003\000\040\000D\000i\000s\000e\000\361\000o\000\040\000C\000o\000n\000c\000e\000p\000t\000u\000a\000l}{}% 20
\BOOKMARK [1][]{section.3.1}{\376\377\0003\000.\0001\000\040\000R\000e\000q\000u\000e\000r\000i\000m\000i\000e\000n\000t\000o\000s\000\040\000d\000e\000l\000\040\000s\000i\000s\000t\000e\000m\000a}{chapter.3}% 21
\BOOKMARK [1][]{section.3.2}{\376\377\0003\000.\0002\000\040\000M\000o\000d\000e\000l\000o\000\040\000B\000l\000a\000c\000k\000\040\000B\000o\000x}{chapter.3}% 22
\BOOKMARK [1][]{section.3.3}{\376\377\0003\000.\0003\000\040\000E\000s\000t\000r\000u\000c\000t\000u\000r\000a\000\040\000d\000e\000\040\000F\000u\000n\000c\000i\000o\000n\000e\000s}{chapter.3}% 23
\BOOKMARK [2][]{subsection.3.3.1}{\376\377\0003\000.\0003\000.\0001\000\040\000D\000o\000m\000i\000n\000i\000o\000\040\000M\000e\000c\000\341\000n\000i\000c\000o}{section.3.3}% 24
\BOOKMARK [2][]{subsection.3.3.2}{\376\377\0003\000.\0003\000.\0002\000\040\000D\000o\000m\000i\000n\000i\000o\000\040\000d\000e\000\040\000E\000n\000e\000r\000g\000\355\000a}{section.3.3}% 25
\BOOKMARK [2][]{subsection.3.3.3}{\376\377\0003\000.\0003\000.\0003\000\040\000D\000o\000m\000i\000n\000i\000o\000\040\000d\000e\000\040\000S\000e\000n\000s\000o\000r\000e\000s}{section.3.3}% 26
\BOOKMARK [2][]{subsection.3.3.4}{\376\377\0003\000.\0003\000.\0004\000\040\000D\000o\000m\000i\000n\000i\000o\000\040\000d\000e\000\040\000C\000o\000m\000u\000n\000i\000c\000a\000c\000i\000\363\000n}{section.3.3}% 27
\BOOKMARK [2][]{subsection.3.3.5}{\376\377\0003\000.\0003\000.\0005\000\040\000D\000o\000m\000i\000n\000i\000o\000\040\000d\000e\000\040\000P\000r\000o\000c\000e\000s\000a\000m\000i\000e\000n\000t\000o}{section.3.3}% 28
\BOOKMARK [2][]{subsection.3.3.6}{\376\377\0003\000.\0003\000.\0006\000\040\000D\000o\000m\000i\000n\000i\000o\000\040\000d\000e\000\040\000I\000n\000t\000e\000r\000f\000a\000z}{section.3.3}% 29
\BOOKMARK [2][]{subsection.3.3.7}{\376\377\0003\000.\0003\000.\0007\000\040\000D\000o\000m\000i\000n\000i\000o\000\040\000d\000e\000\040\000R\000e\000c\000o\000n\000o\000c\000i\000m\000i\000e\000n\000t\000o\000\040\000d\000e\000\040\000E\000s\000t\000i\000l\000o\000\040\000d\000e\000\040\000C\000o\000n\000d\000u\000c\000c\000i\000\363\000n}{section.3.3}% 30
\BOOKMARK [1][]{section.3.4}{\376\377\0003\000.\0004\000\040\000M\000a\000t\000r\000i\000z\000\040\000m\000o\000r\000f\000o\000l\000\363\000g\000i\000c\000a\000\040\000p\000o\000r\000\040\000d\000o\000m\000i\000n\000i\000o}{chapter.3}% 31
\BOOKMARK [2][]{subsection.3.4.1}{\376\377\0003\000.\0004\000.\0001\000\040\000D\000o\000m\000i\000n\000i\000o\000\040\000M\000e\000c\000\341\000n\000i\000c\000o}{section.3.4}% 32
\BOOKMARK [2][]{subsection.3.4.2}{\376\377\0003\000.\0004\000.\0002\000\040\000D\000o\000m\000i\000n\000i\000o\000\040\000E\000n\000e\000r\000g\000\351\000t\000i\000c\000o}{section.3.4}% 33
\BOOKMARK [2][]{subsection.3.4.3}{\376\377\0003\000.\0004\000.\0003\000\040\000D\000o\000m\000i\000n\000i\000o\000s\000\040\000d\000e\000\040\000P\000r\000o\000c\000e\000s\000a\000m\000i\000e\000n\000t\000o\000\040\000y\000\040\000d\000e\000\040\000C\000o\000m\000u\000n\000i\000c\000a\000c\000i\000\363\000n}{section.3.4}% 34
\BOOKMARK [2][]{subsection.3.4.4}{\376\377\0003\000.\0004\000.\0004\000\040\000D\000o\000m\000i\000n\000i\000o\000\040\000d\000e\000\040\000S\000e\000n\000s\000o\000r\000e\000s}{section.3.4}% 35
\BOOKMARK [2][]{subsection.3.4.5}{\376\377\0003\000.\0004\000.\0005\000\040\000D\000o\000m\000i\000n\000i\000o\000\040\000d\000e\000\040\000I\000n\000t\000e\000r\000f\000a\000z}{section.3.4}% 36
\BOOKMARK [2][]{subsection.3.4.6}{\376\377\0003\000.\0004\000.\0006\000\040\000D\000o\000m\000i\000n\000i\000o\000\040\000d\000e\000\040\000R\000e\000c\000o\000n\000o\000c\000i\000m\000i\000e\000n\000t\000o\000\040\000d\000e\000\040\000e\000s\000t\000i\000l\000o\000\040\000d\000e\000\040\000c\000o\000n\000d\000u\000c\000c\000i\000\363\000n}{section.3.4}% 37
\BOOKMARK [1][]{section.3.5}{\376\377\0003\000.\0005\000\040\000C\000o\000n\000c\000e\000p\000t\000o\000s\000\040\000i\000n\000t\000e\000g\000r\000a\000d\000o\000s\000\040\000d\000e\000\040\000s\000o\000l\000u\000c\000i\000\363\000n}{chapter.3}% 38
\BOOKMARK [2][]{subsection.3.5.1}{\376\377\0003\000.\0005\000.\0001\000\040\000C\000o\000n\000c\000e\000p\000t\000o\000\040\000i\000n\000t\000e\000g\000r\000a\000d\000o\000\040\000d\000e\000\040\000s\000o\000l\000u\000c\000i\000\363\000n\000\040\0001}{section.3.5}% 39
\BOOKMARK [2][]{subsection.3.5.2}{\376\377\0003\000.\0005\000.\0002\000\040\000C\000o\000n\000c\000e\000p\000t\000o\000\040\000i\000n\000t\000e\000g\000r\000a\000d\000o\000\040\000d\000e\000\040\000s\000o\000l\000u\000c\000i\000\363\000n\000\040\0002}{section.3.5}% 40
\BOOKMARK [2][]{subsection.3.5.3}{\376\377\0003\000.\0005\000.\0003\000\040\000C\000o\000n\000c\000e\000p\000t\000o\000\040\000i\000n\000t\000e\000g\000r\000a\000d\000o\000\040\000d\000e\000\040\000s\000o\000l\000u\000c\000i\000\363\000n\000\040\0003}{section.3.5}% 41
\BOOKMARK [1][]{section.3.6}{\376\377\0003\000.\0006\000\040\000E\000v\000a\000l\000u\000a\000c\000i\000\363\000n\000\040\000d\000e\000\040\000c\000o\000n\000c\000e\000p\000t\000o\000s\000\040\000d\000e\000\040\000s\000o\000l\000u\000c\000i\000\363\000n}{chapter.3}% 42
\BOOKMARK [2][]{subsection.3.6.1}{\376\377\0003\000.\0006\000.\0001\000\040\000E\000v\000a\000l\000u\000a\000c\000i\000\363\000n\000\040\000t\000\351\000c\000n\000i\000c\000a}{section.3.6}% 43
\BOOKMARK [2][]{subsection.3.6.2}{\376\377\0003\000.\0006\000.\0002\000\040\000E\000v\000a\000l\000u\000a\000c\000i\000\363\000n\000\040\000e\000c\000o\000n\000\363\000m\000i\000c\000a}{section.3.6}% 44
\BOOKMARK [2][]{subsection.3.6.3}{\376\377\0003\000.\0006\000.\0003\000\040\000E\000v\000a\000l\000u\000a\000c\000i\000\363\000n\000\040\000d\000e\000\040\000s\000o\000l\000u\000c\000i\000o\000n\000e\000s}{section.3.6}% 45
\BOOKMARK [0][]{chapter.4}{\376\377\0004\000\040\000D\000i\000s\000e\000\361\000o\000\040\000d\000e\000l\000\040\000s\000i\000s\000t\000e\000m\000a\000\040\000m\000e\000c\000a\000t\000r\000\363\000n\000i\000c\000o\000\040}{}% 46
\BOOKMARK [1][]{section.4.1}{\376\377\0004\000.\0001\000\040\000I\000n\000t\000e\000g\000r\000a\000c\000i\000\363\000n\000\040\000d\000e\000l\000\040\000s\000i\000s\000t\000e\000m\000a\000\040\000m\000e\000c\000a\000t\000r\000\363\000n\000i\000c\000o}{chapter.4}% 47
\BOOKMARK [1][]{section.4.2}{\376\377\0004\000.\0002\000\040\000F\000u\000n\000c\000i\000o\000n\000a\000m\000i\000e\000n\000t\000o\000\040\000d\000e\000l\000\040\000s\000i\000s\000t\000e\000m\000a\000\040\000m\000e\000c\000a\000t\000r\000\363\000n\000i\000c\000o}{chapter.4}% 48
\BOOKMARK [1][]{section.4.3}{\376\377\0004\000.\0003\000\040\000D\000i\000s\000e\000\361\000o\000\040\000e\000l\000e\000c\000t\000r\000\363\000n\000i\000c\000o}{chapter.4}% 49
\BOOKMARK [2][]{subsection.4.3.1}{\376\377\0004\000.\0003\000.\0001\000\040\000D\000i\000a\000g\000r\000a\000m\000a\000\040\000d\000e\000\040\000b\000l\000o\000q\000u\000e\000s}{section.4.3}% 50
\BOOKMARK [2][]{subsection.4.3.2}{\376\377\0004\000.\0003\000.\0002\000\040\000C\000o\000m\000p\000o\000n\000e\000n\000t\000e\000s\000\040\000e\000l\000e\000c\000t\000r\000\363\000n\000i\000c\000o\000s}{section.4.3}% 51
\BOOKMARK [2][]{subsection.4.3.3}{\376\377\0004\000.\0003\000.\0003\000\040\000D\000i\000a\000g\000r\000a\000m\000a\000s\000\040\000e\000l\000e\000c\000t\000r\000\363\000n\000i\000c\000o\000s}{section.4.3}% 52
\BOOKMARK [2][]{subsection.4.3.4}{\376\377\0004\000.\0003\000.\0004\000\040\000D\000i\000s\000e\000\361\000o\000\040\000d\000e\000l\000\040\000P\000C\000B}{section.4.3}% 53
\BOOKMARK [1][]{section.4.4}{\376\377\0004\000.\0004\000\040\000D\000i\000s\000e\000\361\000o\000\040\000m\000e\000c\000\341\000n\000i\000c\000o}{chapter.4}% 54
\BOOKMARK [2][]{subsection.4.4.1}{\376\377\0004\000.\0004\000.\0001\000\040\000D\000i\000s\000e\000\361\000o\000\040\000d\000e\000l\000\040\000C\000a\000s\000e\000\040\000p\000r\000i\000n\000c\000i\000p\000a\000l}{section.4.4}% 55
\BOOKMARK [2][]{subsection.4.4.2}{\376\377\0004\000.\0004\000.\0002\000\040\000D\000i\000s\000e\000\361\000o\000\040\000d\000e\000l\000\040\000C\000a\000s\000e\000\040\000d\000e\000\040\000l\000a\000\040\000p\000a\000n\000t\000a\000l\000l\000a}{section.4.4}% 56
\BOOKMARK [2][]{subsection.4.4.3}{\376\377\0004\000.\0004\000.\0003\000\040\000D\000i\000s\000e\000\361\000o\000\040\000d\000e\000l\000\040\000b\000r\000a\000z\000o\000\040\000d\000e\000\040\000l\000a\000\040\000p\000a\000n\000t\000a\000l\000l\000a}{section.4.4}% 57
\BOOKMARK [1][]{section.4.5}{\376\377\0004\000.\0005\000\040\000D\000i\000s\000e\000\361\000o\000\040\000d\000e\000l\000\040\000s\000o\000f\000t\000w\000a\000r\000e\000\040\000d\000e\000\040\000r\000e\000c\000o\000n\000o\000c\000i\000m\000i\000e\000n\000t\000o\000\040\000d\000e\000\040\000e\000s\000t\000i\000l\000o\000\040\000d\000e\000\040\000c\000o\000n\000d\000u\000c\000c\000i\000\363\000n}{chapter.4}% 58
\BOOKMARK [2][]{subsection.4.5.1}{\376\377\0004\000.\0005\000.\0001\000\040\000S\000o\000f\000t\000w\000a\000r\000e\000\040\000d\000e\000\040\000l\000o\000s\000\040\000d\000i\000s\000p\000o\000s\000i\000t\000i\000v\000o\000s\000\040\000c\000l\000i\000e\000n\000t\000e}{section.4.5}% 59
\BOOKMARK [2][]{subsection.4.5.2}{\376\377\0004\000.\0005\000.\0002\000\040\000S\000o\000f\000t\000w\000a\000r\000e\000\040\000d\000e\000l\000\040\000s\000e\000r\000v\000i\000d\000o\000r}{section.4.5}% 60
\BOOKMARK [2][]{subsection.4.5.3}{\376\377\0004\000.\0005\000.\0003\000\040\000S\000o\000f\000t\000w\000a\000r\000e\000\040\000d\000e\000\040\000l\000a\000\040\000p\000\341\000g\000i\000n\000a\000\040\000w\000e\000b}{section.4.5}% 61
\BOOKMARK [0][]{chapter.5}{\376\377\0005\000\040\000A\000l\000g\000o\000r\000i\000t\000m\000o\000\040\000d\000e\000\040\000c\000l\000a\000s\000i\000f\000i\000c\000a\000c\000i\000\363\000n}{}% 62
\BOOKMARK [1][]{subsection.5.0.1}{\376\377\0005\000.\0000\000.\0001\000\040\000R\000e\000c\000o\000l\000e\000c\000c\000i\000\363\000n\000\040\000d\000e\000\040\000d\000a\000t\000o\000s}{chapter.5}% 63
\BOOKMARK [2][]{subsection.5.0.2}{\376\377\0005\000.\0000\000.\0002\000\040\000S\000e\000g\000m\000e\000n\000t\000a\000c\000i\000\363\000n\000\040\000d\000e\000\040\000l\000o\000s\000\040\000d\000a\000t\000o\000s}{subsection.5.0.1}% 64
\BOOKMARK [2][]{subsection.5.0.3}{\376\377\0005\000.\0000\000.\0003\000\040\000E\000x\000t\000r\000a\000c\000c\000i\000\363\000n\000\040\000d\000e\000\040\000c\000a\000r\000a\000c\000t\000e\000r\000\355\000s\000t\000i\000c\000a\000s}{subsection.5.0.1}% 65
\BOOKMARK [2][]{subsection.5.0.4}{\376\377\0005\000.\0000\000.\0004\000\040\000R\000e\000d\000u\000c\000c\000i\000\363\000n\000\040\000d\000e\000\040\000c\000a\000r\000a\000c\000t\000e\000r\000\355\000s\000t\000i\000c\000a\000s}{subsection.5.0.1}% 66
\BOOKMARK [2][]{subsection.5.0.5}{\376\377\0005\000.\0000\000.\0005\000\040\000E\000n\000t\000r\000e\000n\000a\000m\000i\000e\000n\000t\000o\000\040\000d\000e\000l\000\040\000a\000l\000g\000o\000r\000i\000t\000m\000o}{subsection.5.0.1}% 67
\BOOKMARK [0][]{chapter.6}{\376\377\0006\000\040\000C\000o\000s\000t\000o\000s\000\040\000d\000e\000l\000\040\000S\000i\000s\000t\000e\000m\000a}{}% 68
\BOOKMARK [1][]{section.6.1}{\376\377\0006\000.\0001\000\040\000C\000o\000s\000t\000o\000s\000\040\000d\000e\000\040\000c\000o\000m\000p\000o\000n\000e\000n\000t\000e\000s\000\040\000e\000l\000e\000c\000t\000r\000\363\000n\000i\000c\000o\000s}{chapter.6}% 69
\BOOKMARK [1][]{section.6.2}{\376\377\0006\000.\0002\000\040\000C\000o\000s\000t\000o\000s\000\040\000d\000e\000\040\000f\000a\000b\000r\000i\000c\000a\000c\000i\000\363\000n\000\040\000y\000\040\000c\000o\000m\000p\000o\000n\000e\000n\000t\000e\000s\000\040\000m\000e\000c\000\341\000n\000i\000c\000o\000s}{chapter.6}% 70
\BOOKMARK [1][]{section.6.3}{\376\377\0006\000.\0003\000\040\000C\000o\000s\000t\000o\000\040\000t\000o\000t\000a\000l}{chapter.6}% 71
\BOOKMARK [0][]{chapter.7}{\376\377\0007\000\040\000C\000o\000n\000c\000l\000u\000s\000i\000o\000n\000e\000s\000\040\000y\000\040\000R\000e\000c\000o\000m\000e\000n\000d\000a\000c\000i\000o\000n\000e\000s}{}% 72
\BOOKMARK [0][]{chapter*.104}{\376\377\000B\000i\000b\000l\000i\000o\000g\000r\000a\000f\000\355\000a}{}% 73
